mode: set
ROOMS/DATABASE/BLOCK_DB.go:9.49,13.15 3 0
ROOMS/DATABASE/BLOCK_DB.go:18.2,21.16 3 0
ROOMS/DATABASE/BLOCK_DB.go:24.2,24.18 1 0
ROOMS/DATABASE/BLOCK_DB.go:32.2,33.20 2 0
ROOMS/DATABASE/BLOCK_DB.go:13.15,17.3 2 0
ROOMS/DATABASE/BLOCK_DB.go:21.16,23.3 1 0
ROOMS/DATABASE/BLOCK_DB.go:24.18,27.17 3 0
ROOMS/DATABASE/BLOCK_DB.go:30.3,30.16 1 0
ROOMS/DATABASE/BLOCK_DB.go:27.17,29.4 1 0
ROOMS/DATABASE/BLOCK_DB.go:36.53,40.15 3 0
ROOMS/DATABASE/BLOCK_DB.go:45.2,48.16 3 0
ROOMS/DATABASE/BLOCK_DB.go:51.2,51.18 1 0
ROOMS/DATABASE/BLOCK_DB.go:59.2,60.18 2 0
ROOMS/DATABASE/BLOCK_DB.go:40.15,44.3 2 0
ROOMS/DATABASE/BLOCK_DB.go:48.16,50.3 1 0
ROOMS/DATABASE/BLOCK_DB.go:51.18,54.17 3 0
ROOMS/DATABASE/BLOCK_DB.go:57.3,57.39 1 0
ROOMS/DATABASE/BLOCK_DB.go:54.17,56.4 1 0
ROOMS/DATABASE/BLOCK_DB.go:63.49,67.16 2 0
ROOMS/DATABASE/BLOCK_DB.go:72.2,76.16 3 0
ROOMS/DATABASE/BLOCK_DB.go:79.2,80.18 2 0
ROOMS/DATABASE/BLOCK_DB.go:67.16,71.3 2 0
ROOMS/DATABASE/BLOCK_DB.go:76.16,78.3 1 0
ROOMS/DATABASE/BLOCK_DB.go:83.49,87.16 2 0
ROOMS/DATABASE/BLOCK_DB.go:92.2,98.12 5 0
ROOMS/DATABASE/BLOCK_DB.go:101.2,101.18 1 0
ROOMS/DATABASE/BLOCK_DB.go:87.16,91.3 2 0
ROOMS/DATABASE/BLOCK_DB.go:98.12,100.3 1 0
ROOMS/DATABASE/BLOCK_DB.go:104.40,107.16 2 0
ROOMS/DATABASE/BLOCK_DB.go:111.2,115.16 3 0
ROOMS/DATABASE/BLOCK_DB.go:119.2,121.12 3 0
ROOMS/DATABASE/BLOCK_DB.go:124.2,124.18 1 0
ROOMS/DATABASE/BLOCK_DB.go:107.16,110.3 2 0
ROOMS/DATABASE/BLOCK_DB.go:115.16,116.13 1 0
ROOMS/DATABASE/BLOCK_DB.go:121.12,123.3 1 0
ROOMS/DATABASE/BLOCK_DB.go:127.44,130.16 2 0
ROOMS/DATABASE/BLOCK_DB.go:134.2,137.25 3 0
ROOMS/DATABASE/BLOCK_DB.go:140.2,145.12 5 0
ROOMS/DATABASE/BLOCK_DB.go:148.2,148.18 1 0
ROOMS/DATABASE/BLOCK_DB.go:130.16,133.3 2 0
ROOMS/DATABASE/BLOCK_DB.go:137.25,139.3 1 0
ROOMS/DATABASE/BLOCK_DB.go:145.12,147.3 1 0
ROOMS/DATABASE/CONTRACT_DB.go:10.86,14.16 3 0
ROOMS/DATABASE/CONTRACT_DB.go:17.2,20.16 3 0
ROOMS/DATABASE/CONTRACT_DB.go:25.2,25.18 1 0
ROOMS/DATABASE/CONTRACT_DB.go:53.2,54.33 2 0
ROOMS/DATABASE/CONTRACT_DB.go:14.16,16.3 1 0
ROOMS/DATABASE/CONTRACT_DB.go:20.16,23.3 2 0
ROOMS/DATABASE/CONTRACT_DB.go:25.18,32.17 4 0
ROOMS/DATABASE/CONTRACT_DB.go:36.3,36.19 1 0
ROOMS/DATABASE/CONTRACT_DB.go:47.3,47.17 1 0
ROOMS/DATABASE/CONTRACT_DB.go:51.3,51.43 1 0
ROOMS/DATABASE/CONTRACT_DB.go:32.17,35.4 2 0
ROOMS/DATABASE/CONTRACT_DB.go:36.19,41.18 4 0
ROOMS/DATABASE/CONTRACT_DB.go:41.18,44.5 2 0
ROOMS/DATABASE/CONTRACT_DB.go:47.17,50.4 2 0
ROOMS/DATABASE/CONTRACT_DB.go:57.69,60.16 2 0
ROOMS/DATABASE/CONTRACT_DB.go:64.2,70.17 4 0
ROOMS/DATABASE/CONTRACT_DB.go:74.2,75.16 2 0
ROOMS/DATABASE/CONTRACT_DB.go:82.2,82.37 1 0
ROOMS/DATABASE/CONTRACT_DB.go:93.2,95.16 3 0
ROOMS/DATABASE/CONTRACT_DB.go:99.2,99.13 1 0
ROOMS/DATABASE/CONTRACT_DB.go:60.16,63.3 2 0
ROOMS/DATABASE/CONTRACT_DB.go:70.17,72.3 1 0
ROOMS/DATABASE/CONTRACT_DB.go:75.16,79.3 2 0
ROOMS/DATABASE/CONTRACT_DB.go:82.37,84.17 2 0
ROOMS/DATABASE/CONTRACT_DB.go:84.17,88.4 2 0
ROOMS/DATABASE/CONTRACT_DB.go:95.16,97.3 1 0
ROOMS/DATABASE/CONTRACT_DB.go:102.51,104.16 2 0
ROOMS/DATABASE/CONTRACT_DB.go:108.2,112.16 3 0
ROOMS/DATABASE/CONTRACT_DB.go:116.2,118.18 2 0
ROOMS/DATABASE/CONTRACT_DB.go:104.16,107.3 2 0
ROOMS/DATABASE/CONTRACT_DB.go:112.16,115.3 2 0
ROOMS/DATABASE/CONTRACT_DB.go:121.56,124.16 2 0
ROOMS/DATABASE/CONTRACT_DB.go:127.2,130.32 3 0
ROOMS/DATABASE/CONTRACT_DB.go:134.2,140.12 5 0
ROOMS/DATABASE/CONTRACT_DB.go:144.2,144.18 1 0
ROOMS/DATABASE/CONTRACT_DB.go:124.16,126.3 1 0
ROOMS/DATABASE/CONTRACT_DB.go:130.32,132.3 1 0
ROOMS/DATABASE/CONTRACT_DB.go:140.12,142.3 1 0
ROOMS/DATABASE/CONTRACT_DB.go:147.76,149.16 2 0
ROOMS/DATABASE/CONTRACT_DB.go:153.2,156.17 4 0
ROOMS/DATABASE/CONTRACT_DB.go:159.2,160.16 2 0
ROOMS/DATABASE/CONTRACT_DB.go:166.2,167.17 2 0
ROOMS/DATABASE/CONTRACT_DB.go:172.2,172.35 1 0
ROOMS/DATABASE/CONTRACT_DB.go:180.2,182.16 3 0
ROOMS/DATABASE/CONTRACT_DB.go:186.2,186.18 1 0
ROOMS/DATABASE/CONTRACT_DB.go:149.16,152.3 2 0
ROOMS/DATABASE/CONTRACT_DB.go:156.17,158.3 1 0
ROOMS/DATABASE/CONTRACT_DB.go:160.16,164.3 2 0
ROOMS/DATABASE/CONTRACT_DB.go:167.17,171.3 2 0
ROOMS/DATABASE/CONTRACT_DB.go:172.35,174.18 2 0
ROOMS/DATABASE/CONTRACT_DB.go:174.18,178.4 2 0
ROOMS/DATABASE/CONTRACT_DB.go:182.16,184.3 1 0
ROOMS/DATABASE/CUSTOMER_DB.go:9.64,13.16 3 0
ROOMS/DATABASE/CUSTOMER_DB.go:16.2,20.16 3 0
ROOMS/DATABASE/CUSTOMER_DB.go:25.2,25.18 1 0
ROOMS/DATABASE/CUSTOMER_DB.go:39.2,40.33 2 0
ROOMS/DATABASE/CUSTOMER_DB.go:13.16,15.3 1 0
ROOMS/DATABASE/CUSTOMER_DB.go:20.16,23.3 2 0
ROOMS/DATABASE/CUSTOMER_DB.go:25.18,33.17 3 0
ROOMS/DATABASE/CUSTOMER_DB.go:37.3,37.43 1 0
ROOMS/DATABASE/CUSTOMER_DB.go:33.17,36.4 2 0
ROOMS/DATABASE/CUSTOMER_DB.go:43.76,47.16 3 0
ROOMS/DATABASE/CUSTOMER_DB.go:50.2,53.16 3 0
ROOMS/DATABASE/CUSTOMER_DB.go:58.2,58.18 1 0
ROOMS/DATABASE/CUSTOMER_DB.go:77.2,78.33 2 0
ROOMS/DATABASE/CUSTOMER_DB.go:47.16,49.3 1 0
ROOMS/DATABASE/CUSTOMER_DB.go:53.16,56.3 2 0
ROOMS/DATABASE/CUSTOMER_DB.go:58.18,67.20 4 0
ROOMS/DATABASE/CUSTOMER_DB.go:71.3,71.17 1 0
ROOMS/DATABASE/CUSTOMER_DB.go:75.3,75.43 1 0
ROOMS/DATABASE/CUSTOMER_DB.go:67.20,69.4 1 0
ROOMS/DATABASE/CUSTOMER_DB.go:71.17,74.4 2 0
ROOMS/DATABASE/CUSTOMER_DB.go:81.60,83.16 2 0
ROOMS/DATABASE/CUSTOMER_DB.go:87.2,94.16 3 0
ROOMS/DATABASE/CUSTOMER_DB.go:98.2,100.18 2 0
ROOMS/DATABASE/CUSTOMER_DB.go:83.16,86.3 2 0
ROOMS/DATABASE/CUSTOMER_DB.go:94.16,97.3 2 0
ROOMS/DATABASE/CUSTOMER_DB.go:103.51,105.16 2 0
ROOMS/DATABASE/CUSTOMER_DB.go:109.2,113.16 3 0
ROOMS/DATABASE/CUSTOMER_DB.go:117.2,119.18 2 0
ROOMS/DATABASE/CUSTOMER_DB.go:105.16,108.3 2 0
ROOMS/DATABASE/CUSTOMER_DB.go:113.16,116.3 2 0
ROOMS/DATABASE/CUSTOMER_DB.go:122.51,124.16 2 0
ROOMS/DATABASE/CUSTOMER_DB.go:128.2,131.25 3 0
ROOMS/DATABASE/CUSTOMER_DB.go:134.2,139.12 5 0
ROOMS/DATABASE/CUSTOMER_DB.go:142.2,142.18 1 0
ROOMS/DATABASE/CUSTOMER_DB.go:124.16,127.3 2 0
ROOMS/DATABASE/CUSTOMER_DB.go:131.25,133.3 1 0
ROOMS/DATABASE/CUSTOMER_DB.go:139.12,141.3 1 0
ROOMS/DATABASE/CUSTOMER_DB.go:145.61,148.16 2 0
ROOMS/DATABASE/CUSTOMER_DB.go:153.2,162.12 5 0
ROOMS/DATABASE/CUSTOMER_DB.go:165.2,165.18 1 0
ROOMS/DATABASE/CUSTOMER_DB.go:148.16,152.3 2 0
ROOMS/DATABASE/CUSTOMER_DB.go:162.12,164.3 1 0
ROOMS/DATABASE/CUSTOMER_DB.go:168.57,171.16 2 0
ROOMS/DATABASE/CUSTOMER_DB.go:175.2,178.16 3 0
ROOMS/DATABASE/CUSTOMER_DB.go:183.2,185.18 2 0
ROOMS/DATABASE/CUSTOMER_DB.go:194.2,194.25 1 0
ROOMS/DATABASE/CUSTOMER_DB.go:171.16,174.3 2 0
ROOMS/DATABASE/CUSTOMER_DB.go:178.16,181.3 2 0
ROOMS/DATABASE/CUSTOMER_DB.go:185.18,189.17 3 0
ROOMS/DATABASE/CUSTOMER_DB.go:192.3,192.30 1 0
ROOMS/DATABASE/CUSTOMER_DB.go:189.17,191.4 1 0
ROOMS/DATABASE/DEFAULT_SERVICE_DB.go:8.78,12.15 3 0
ROOMS/DATABASE/DEFAULT_SERVICE_DB.go:17.2,20.16 3 0
ROOMS/DATABASE/DEFAULT_SERVICE_DB.go:23.2,23.18 1 0
ROOMS/DATABASE/DEFAULT_SERVICE_DB.go:31.2,32.31 2 0
ROOMS/DATABASE/DEFAULT_SERVICE_DB.go:12.15,16.3 2 0
ROOMS/DATABASE/DEFAULT_SERVICE_DB.go:20.16,22.3 1 0
ROOMS/DATABASE/DEFAULT_SERVICE_DB.go:23.18,26.17 3 0
ROOMS/DATABASE/DEFAULT_SERVICE_DB.go:29.3,29.63 1 0
ROOMS/DATABASE/DEFAULT_SERVICE_DB.go:26.17,28.4 1 0
ROOMS/DATABASE/UNIT_DB.go:9.52,14.15 2 1
ROOMS/DATABASE/UNIT_DB.go:19.2,22.16 3 1
ROOMS/DATABASE/UNIT_DB.go:25.2,25.18 1 1
ROOMS/DATABASE/UNIT_DB.go:33.2,34.20 2 1
ROOMS/DATABASE/UNIT_DB.go:14.15,18.3 2 0
ROOMS/DATABASE/UNIT_DB.go:22.16,24.3 1 0
ROOMS/DATABASE/UNIT_DB.go:25.18,28.17 3 1
ROOMS/DATABASE/UNIT_DB.go:31.3,31.30 1 1
ROOMS/DATABASE/UNIT_DB.go:28.17,30.4 1 0
ROOMS/DATABASE/USERS_DB.go:10.69,17.15 5 0
ROOMS/DATABASE/USERS_DB.go:22.2,25.16 3 0
ROOMS/DATABASE/USERS_DB.go:28.2,28.18 1 0
ROOMS/DATABASE/USERS_DB.go:35.2,37.37 2 0
ROOMS/DATABASE/USERS_DB.go:40.2,40.26 1 0
ROOMS/DATABASE/USERS_DB.go:17.15,21.3 2 0
ROOMS/DATABASE/USERS_DB.go:25.16,27.3 1 0
ROOMS/DATABASE/USERS_DB.go:28.18,30.17 2 0
ROOMS/DATABASE/USERS_DB.go:33.3,33.16 1 0
ROOMS/DATABASE/USERS_DB.go:30.17,32.4 1 0
ROOMS/DATABASE/USERS_DB.go:37.37,39.3 1 0
ROOMS/DATABASE/USERS_DB.go:43.58,48.16 2 0
ROOMS/DATABASE/USERS_DB.go:53.2,57.16 4 0
ROOMS/DATABASE/USERS_DB.go:60.2,61.18 2 0
ROOMS/DATABASE/USERS_DB.go:48.16,52.3 2 0
ROOMS/DATABASE/USERS_DB.go:57.16,59.3 1 0
ROOMS/DATABASE/USERS_DB.go:64.32,68.15 3 0
ROOMS/DATABASE/USERS_DB.go:73.2,76.16 3 0
ROOMS/DATABASE/USERS_DB.go:79.2,79.18 1 0
ROOMS/DATABASE/USERS_DB.go:87.2,88.20 2 0
ROOMS/DATABASE/USERS_DB.go:68.15,72.3 2 0
ROOMS/DATABASE/USERS_DB.go:76.16,78.3 1 0
ROOMS/DATABASE/USERS_DB.go:79.18,82.17 3 0
ROOMS/DATABASE/USERS_DB.go:85.3,85.46 1 0
ROOMS/DATABASE/USERS_DB.go:82.17,84.4 1 0
ROOMS/DATABASE/USERS_DB.go:91.52,94.2 2 0
ROOMS/DATABASE/USERS_DB.go:96.52,99.2 2 0
ROOMS/DATABASE/USERS_DB.go:101.38,105.15 2 0
ROOMS/DATABASE/USERS_DB.go:110.2,114.14 4 0
ROOMS/DATABASE/USERS_DB.go:120.2,121.16 2 0
ROOMS/DATABASE/USERS_DB.go:124.2,124.18 1 0
ROOMS/DATABASE/USERS_DB.go:133.2,133.13 1 0
ROOMS/DATABASE/USERS_DB.go:105.15,109.3 2 0
ROOMS/DATABASE/USERS_DB.go:114.14,116.3 1 0
ROOMS/DATABASE/USERS_DB.go:116.8,118.3 1 0
ROOMS/DATABASE/USERS_DB.go:121.16,123.3 1 0
ROOMS/DATABASE/USERS_DB.go:124.18,128.17 3 0
ROOMS/DATABASE/USERS_DB.go:131.3,131.28 1 0
ROOMS/DATABASE/USERS_DB.go:128.17,130.4 1 0
ROOMS/DATABASE/BILL_DB.go:9.44,13.15 3 0
ROOMS/DATABASE/BILL_DB.go:16.2,17.16 2 0
ROOMS/DATABASE/BILL_DB.go:20.2,21.18 2 0
ROOMS/DATABASE/BILL_DB.go:30.2,30.19 1 0
ROOMS/DATABASE/BILL_DB.go:13.15,15.3 1 0
ROOMS/DATABASE/BILL_DB.go:17.16,19.3 1 0
ROOMS/DATABASE/BILL_DB.go:21.18,25.17 3 0
ROOMS/DATABASE/BILL_DB.go:28.3,28.27 1 0
ROOMS/DATABASE/BILL_DB.go:25.17,27.4 1 0
ROOMS/DATABASE/BILL_DB.go:33.54,35.15 2 0
ROOMS/DATABASE/BILL_DB.go:40.2,42.16 3 0
ROOMS/DATABASE/BILL_DB.go:45.2,46.18 2 0
ROOMS/DATABASE/BILL_DB.go:54.2,54.35 1 0
ROOMS/DATABASE/BILL_DB.go:35.15,37.3 1 0
ROOMS/DATABASE/BILL_DB.go:42.16,44.3 1 0
ROOMS/DATABASE/BILL_DB.go:46.18,49.17 3 0
ROOMS/DATABASE/BILL_DB.go:52.3,52.22 1 0
ROOMS/DATABASE/BILL_DB.go:49.17,51.4 1 0
ROOMS/DATABASE/BILL_DB.go:57.69,61.15 3 0
ROOMS/DATABASE/BILL_DB.go:66.2,68.16 3 0
ROOMS/DATABASE/BILL_DB.go:71.2,72.18 2 0
ROOMS/DATABASE/BILL_DB.go:80.2,80.30 1 0
ROOMS/DATABASE/BILL_DB.go:61.15,63.3 1 0
ROOMS/DATABASE/BILL_DB.go:68.16,70.3 1 0
ROOMS/DATABASE/BILL_DB.go:72.18,75.17 3 0
ROOMS/DATABASE/BILL_DB.go:78.3,78.37 1 0
ROOMS/DATABASE/BILL_DB.go:75.17,77.4 1 0
ROOMS/DATABASE/BILL_DB.go:83.70,85.15 2 0
ROOMS/DATABASE/BILL_DB.go:88.2,90.17 3 0
ROOMS/DATABASE/BILL_DB.go:93.2,95.22 3 0
ROOMS/DATABASE/BILL_DB.go:100.2,103.18 4 0
ROOMS/DATABASE/BILL_DB.go:107.2,108.20 2 0
ROOMS/DATABASE/BILL_DB.go:115.2,115.38 1 0
ROOMS/DATABASE/BILL_DB.go:123.2,124.19 2 0
ROOMS/DATABASE/BILL_DB.go:128.2,128.15 1 0
ROOMS/DATABASE/BILL_DB.go:85.15,87.3 1 0
ROOMS/DATABASE/BILL_DB.go:90.17,92.3 1 0
ROOMS/DATABASE/BILL_DB.go:95.22,99.3 2 0
ROOMS/DATABASE/BILL_DB.go:103.18,106.3 2 0
ROOMS/DATABASE/BILL_DB.go:108.20,110.32 2 0
ROOMS/DATABASE/BILL_DB.go:110.32,113.4 2 0
ROOMS/DATABASE/BILL_DB.go:115.38,118.23 3 0
ROOMS/DATABASE/BILL_DB.go:118.23,121.4 2 0
ROOMS/DATABASE/BILL_DB.go:124.19,127.3 2 0
ROOMS/DATABASE/BILL_DB.go:131.68,133.16 2 0
ROOMS/DATABASE/BILL_DB.go:137.2,140.17 4 0
ROOMS/DATABASE/BILL_DB.go:143.2,144.16 2 0
ROOMS/DATABASE/BILL_DB.go:150.2,151.17 2 0
ROOMS/DATABASE/BILL_DB.go:156.2,156.36 1 0
ROOMS/DATABASE/BILL_DB.go:164.2,166.16 3 0
ROOMS/DATABASE/BILL_DB.go:170.2,170.18 1 0
ROOMS/DATABASE/BILL_DB.go:133.16,136.3 2 0
ROOMS/DATABASE/BILL_DB.go:140.17,142.3 1 0
ROOMS/DATABASE/BILL_DB.go:144.16,148.3 2 0
ROOMS/DATABASE/BILL_DB.go:151.17,155.3 2 0
ROOMS/DATABASE/BILL_DB.go:156.36,158.18 2 0
ROOMS/DATABASE/BILL_DB.go:158.18,162.4 2 0
ROOMS/DATABASE/BILL_DB.go:166.16,168.3 1 0
ROOMS/DATABASE/BILL_DB.go:173.43,175.16 2 0
ROOMS/DATABASE/BILL_DB.go:179.2,183.16 3 0
ROOMS/DATABASE/BILL_DB.go:187.2,189.18 2 0
ROOMS/DATABASE/BILL_DB.go:175.16,178.3 2 0
ROOMS/DATABASE/BILL_DB.go:183.16,186.3 2 0
ROOMS/DATABASE/CONST.go:15.29,16.14 1 0
ROOMS/DATABASE/CONST.go:19.2,19.11 1 0
ROOMS/DATABASE/CONST.go:16.14,18.3 1 0
ROOMS/DATABASE/CONST.go:21.41,23.16 2 0
ROOMS/DATABASE/CONST.go:26.2,26.34 1 0
ROOMS/DATABASE/CONST.go:29.2,29.16 1 0
ROOMS/DATABASE/CONST.go:23.16,25.3 1 0
ROOMS/DATABASE/CONST.go:26.34,28.3 1 0
ROOMS/DATABASE/ROOM_DB.go:10.57,14.16 2 0
ROOMS/DATABASE/ROOM_DB.go:18.2,21.16 3 0
ROOMS/DATABASE/ROOM_DB.go:26.2,28.18 2 0
ROOMS/DATABASE/ROOM_DB.go:37.2,37.25 1 0
ROOMS/DATABASE/ROOM_DB.go:14.16,17.3 2 0
ROOMS/DATABASE/ROOM_DB.go:21.16,24.3 2 0
ROOMS/DATABASE/ROOM_DB.go:28.18,32.17 3 0
ROOMS/DATABASE/ROOM_DB.go:35.3,35.30 1 0
ROOMS/DATABASE/ROOM_DB.go:32.17,34.4 1 0
ROOMS/DATABASE/ROOM_DB.go:40.50,44.16 2 0
ROOMS/DATABASE/ROOM_DB.go:48.2,55.16 3 0
ROOMS/DATABASE/ROOM_DB.go:58.2,60.18 2 0
ROOMS/DATABASE/ROOM_DB.go:44.16,47.3 2 0
ROOMS/DATABASE/ROOM_DB.go:55.16,57.3 1 0
ROOMS/DATABASE/ROOM_DB.go:63.39,67.16 2 0
ROOMS/DATABASE/ROOM_DB.go:70.2,74.16 3 0
ROOMS/DATABASE/ROOM_DB.go:77.2,79.18 2 0
ROOMS/DATABASE/ROOM_DB.go:67.16,69.3 1 0
ROOMS/DATABASE/ROOM_DB.go:74.16,76.3 1 0
ROOMS/DATABASE/ROOM_DB.go:82.47,86.16 2 0
ROOMS/DATABASE/ROOM_DB.go:89.2,92.29 3 0
ROOMS/DATABASE/ROOM_DB.go:96.2,102.12 5 0
ROOMS/DATABASE/ROOM_DB.go:106.2,106.18 1 0
ROOMS/DATABASE/ROOM_DB.go:86.16,88.3 1 0
ROOMS/DATABASE/ROOM_DB.go:92.29,94.3 1 0
ROOMS/DATABASE/ROOM_DB.go:102.12,104.3 1 0
ROOMS/DATABASE/ROOM_DB.go:109.58,113.16 2 0
ROOMS/DATABASE/ROOM_DB.go:116.2,123.16 3 0
ROOMS/DATABASE/ROOM_DB.go:126.2,128.18 2 0
ROOMS/DATABASE/ROOM_DB.go:113.16,115.3 1 0
ROOMS/DATABASE/ROOM_DB.go:123.16,125.3 1 0
ROOMS/DATABASE/ROOM_DB.go:131.63,134.16 2 0
ROOMS/DATABASE/ROOM_DB.go:138.2,142.16 3 0
ROOMS/DATABASE/ROOM_DB.go:147.2,149.18 2 0
ROOMS/DATABASE/ROOM_DB.go:158.2,158.25 1 0
ROOMS/DATABASE/ROOM_DB.go:134.16,137.3 2 0
ROOMS/DATABASE/ROOM_DB.go:142.16,145.3 2 0
ROOMS/DATABASE/ROOM_DB.go:149.18,153.17 3 0
ROOMS/DATABASE/ROOM_DB.go:156.3,156.30 1 0
ROOMS/DATABASE/ROOM_DB.go:153.17,155.4 1 0
ROOMS/DATABASE/ROOM_DB.go:161.90,164.16 2 0
ROOMS/DATABASE/ROOM_DB.go:168.2,171.35 4 0
ROOMS/DATABASE/ROOM_DB.go:183.2,183.17 1 0
ROOMS/DATABASE/ROOM_DB.go:188.2,190.18 2 0
ROOMS/DATABASE/ROOM_DB.go:199.2,199.19 1 0
ROOMS/DATABASE/ROOM_DB.go:164.16,167.3 2 0
ROOMS/DATABASE/ROOM_DB.go:171.35,173.3 1 0
ROOMS/DATABASE/ROOM_DB.go:173.8,173.42 1 0
ROOMS/DATABASE/ROOM_DB.go:173.42,175.3 1 0
ROOMS/DATABASE/ROOM_DB.go:175.8,176.19 1 0
ROOMS/DATABASE/ROOM_DB.go:176.19,178.4 1 0
ROOMS/DATABASE/ROOM_DB.go:178.9,180.4 1 0
ROOMS/DATABASE/ROOM_DB.go:183.17,186.3 2 0
ROOMS/DATABASE/ROOM_DB.go:190.18,194.17 3 0
ROOMS/DATABASE/ROOM_DB.go:197.3,197.30 1 0
ROOMS/DATABASE/ROOM_DB.go:194.17,196.4 1 0
ROOMS/DATABASE/ROOM_DB.go:202.71,206.16 2 0
ROOMS/DATABASE/ROOM_DB.go:210.2,213.16 3 0
ROOMS/DATABASE/ROOM_DB.go:218.2,220.18 2 0
ROOMS/DATABASE/ROOM_DB.go:229.2,229.25 1 0
ROOMS/DATABASE/ROOM_DB.go:206.16,209.3 2 0
ROOMS/DATABASE/ROOM_DB.go:213.16,216.3 2 0
ROOMS/DATABASE/ROOM_DB.go:220.18,224.17 3 0
ROOMS/DATABASE/ROOM_DB.go:227.3,227.30 1 0
ROOMS/DATABASE/ROOM_DB.go:224.17,226.4 1 0
ROOMS/DATABASE/ROOM_DB.go:232.82,236.16 2 0
ROOMS/DATABASE/ROOM_DB.go:240.2,243.16 3 0
ROOMS/DATABASE/ROOM_DB.go:248.2,250.18 2 0
ROOMS/DATABASE/ROOM_DB.go:259.2,259.25 1 0
ROOMS/DATABASE/ROOM_DB.go:236.16,239.3 2 0
ROOMS/DATABASE/ROOM_DB.go:243.16,246.3 2 0
ROOMS/DATABASE/ROOM_DB.go:250.18,254.17 3 0
ROOMS/DATABASE/ROOM_DB.go:257.3,257.30 1 0
ROOMS/DATABASE/ROOM_DB.go:254.17,256.4 1 0
ROOMS/DATABASE/ROOM_DB.go:262.49,265.16 2 0
ROOMS/DATABASE/ROOM_DB.go:269.2,275.17 5 0
ROOMS/DATABASE/ROOM_DB.go:278.2,278.18 1 0
ROOMS/DATABASE/ROOM_DB.go:287.2,287.17 1 0
ROOMS/DATABASE/ROOM_DB.go:265.16,268.3 2 0
ROOMS/DATABASE/ROOM_DB.go:275.17,277.3 1 0
ROOMS/DATABASE/ROOM_DB.go:278.18,282.17 3 0
ROOMS/DATABASE/ROOM_DB.go:285.3,285.20 1 0
ROOMS/DATABASE/ROOM_DB.go:282.17,284.4 1 0
ROOMS/DATABASE/SERVICE_DB.go:9.67,13.15 3 0
ROOMS/DATABASE/SERVICE_DB.go:18.2,21.16 3 0
ROOMS/DATABASE/SERVICE_DB.go:24.2,24.18 1 0
ROOMS/DATABASE/SERVICE_DB.go:32.2,33.23 2 0
ROOMS/DATABASE/SERVICE_DB.go:13.15,17.3 2 0
ROOMS/DATABASE/SERVICE_DB.go:21.16,23.3 1 0
ROOMS/DATABASE/SERVICE_DB.go:24.18,27.17 3 0
ROOMS/DATABASE/SERVICE_DB.go:30.3,30.40 1 0
ROOMS/DATABASE/SERVICE_DB.go:27.17,29.4 1 0
ROOMS/DATABASE/SERVICE_DB.go:35.42,38.16 2 0
ROOMS/DATABASE/SERVICE_DB.go:42.2,46.16 3 0
ROOMS/DATABASE/SERVICE_DB.go:50.2,52.12 3 0
ROOMS/DATABASE/SERVICE_DB.go:55.2,55.18 1 0
ROOMS/DATABASE/SERVICE_DB.go:38.16,41.3 2 0
ROOMS/DATABASE/SERVICE_DB.go:46.16,47.13 1 0
ROOMS/DATABASE/SERVICE_DB.go:52.12,54.3 1 0
ROOMS/DATABASE/SERVICE_DB.go:58.67,61.16 2 0
ROOMS/DATABASE/SERVICE_DB.go:65.2,70.31 4 0
ROOMS/DATABASE/SERVICE_DB.go:75.2,80.30 4 0
ROOMS/DATABASE/SERVICE_DB.go:84.2,84.18 1 0
ROOMS/DATABASE/SERVICE_DB.go:61.16,64.3 2 0
ROOMS/DATABASE/SERVICE_DB.go:70.31,73.3 2 0
ROOMS/DATABASE/SERVICE_DB.go:80.30,82.3 1 0
ROOMS/DATABASE/SERVICE_DB.go:87.53,89.16 2 0
ROOMS/DATABASE/SERVICE_DB.go:93.2,96.32 3 0
ROOMS/DATABASE/SERVICE_DB.go:100.2,105.12 5 0
ROOMS/DATABASE/SERVICE_DB.go:108.2,110.18 2 0
ROOMS/DATABASE/SERVICE_DB.go:89.16,92.3 2 0
ROOMS/DATABASE/SERVICE_DB.go:96.32,98.3 1 0
ROOMS/DATABASE/SERVICE_DB.go:105.12,107.3 1 0
ROOMS/DATABASE/SERVICE_DB.go:113.64,115.16 2 0
ROOMS/DATABASE/SERVICE_DB.go:119.2,126.12 5 0
ROOMS/DATABASE/SERVICE_DB.go:129.2,129.18 1 0
ROOMS/DATABASE/SERVICE_DB.go:115.16,118.3 2 0
ROOMS/DATABASE/SERVICE_DB.go:126.12,128.3 1 0
